-- Found ament_cmake: 2.0.4 (/opt/ros/iron/share/ament_cmake/cmake)
-- Found rclcpp: 21.0.5 (/opt/ros/iron/share/rclcpp/cmake)
-- Found rosidl_generator_c: 4.0.1 (/opt/ros/iron/share/rosidl_generator_c/cmake)
-- Found rosidl_generator_cpp: 4.0.1 (/opt/ros/iron/share/rosidl_generator_cpp/cmake)
-- Using all available rosidl_typesupport_c: rosidl_typesupport_fastrtps_c;rosidl_typesupport_introspection_c
-- Using all available rosidl_typesupport_cpp: rosidl_typesupport_fastrtps_cpp;rosidl_typesupport_introspection_cpp
-- Found rmw_implementation_cmake: 7.1.0 (/opt/ros/iron/share/rmw_implementation_cmake/cmake)
-- Found rmw_fastrtps_cpp: 7.1.3 (/opt/ros/iron/share/rmw_fastrtps_cpp/cmake)
-- Using RMW implementation 'rmw_fastrtps_cpp' as default
-- Found std_msgs: 5.0.0 (/opt/ros/iron/share/std_msgs/cmake)
-- Found std_srvs: 5.0.0 (/opt/ros/iron/share/std_srvs/cmake)
-- Found serial: 1.2.1 (/home/shakuevda/Desktop/SAUVC/sauvc_hyadroacoustic/src/install/serial/share/serial/cmake)
-- Found stingray_core_interfaces: 0.1.0 (/home/shakuevda/Desktop/SAUVC/sauvc_hyadroacoustic/src/install/stingray_core_interfaces/share/stingray_core_interfaces/cmake)
-- Found stingray_core_communication: 0.1.0 (/home/shakuevda/Desktop/SAUVC/sauvc_hyadroacoustic/src/install/stingray_core_communication/share/stingray_core_communication/cmake)
-- Found ament_lint_auto: 0.14.3 (/opt/ros/iron/share/ament_lint_auto/cmake)
-- Added test 'cppcheck' to perform static code analysis on C / C++ code
-- Configured cppcheck include dirs: /home/shakuevda/Desktop/SAUVC/sauvc_hyadroacoustic/src/sauvc_pinger_finder/include
-- Configured cppcheck exclude dirs and/or files: 
-- Added test 'lint_cmake' to check CMake code style
-- Added test 'uncrustify' to check C / C++ code style
-- Configured uncrustify additional arguments: 
-- Added test 'xmllint' to check XML markup files
-- Configuring done
-- Generating done
-- Build files have been written to: /home/shakuevda/Desktop/SAUVC/sauvc_hyadroacoustic/src/build/sauvc_pinger_finder
[ 33%] [32mBuilding CXX object CMakeFiles/uart_driver_node.dir/src/uart_driver_node.cpp.o[0m
[ 66%] [32mBuilding CXX object CMakeFiles/uart_driver_node.dir/src/messages/msg_pingerFinder.cpp.o[0m
[01m[K/home/shakuevda/Desktop/SAUVC/sauvc_hyadroacoustic/src/sauvc_pinger_finder/src/messages/msg_pingerFinder.cpp:1:10:[m[K [01;31m[Kfatal error: [m[Ksauvc_pinger_finder/include/sauvc_pinger_finder/messages/msg_pingerFinder.h: No such file or directory
    1 | #include [01;31m[K"sauvc_pinger_finder/include/sauvc_pinger_finder/messages/msg_pingerFinder.h"[m[K
      |          [01;31m[K^~~~~~~~~~~~~~~~~~~~~~~~~~~~~~~~~~~~~~~~~~~~~~~~~~~~~~~~~~~~~~~~~~~~~~~~~~~~~[m[K
compilation terminated.
gmake[2]: *** [CMakeFiles/uart_driver_node.dir/build.make:90: CMakeFiles/uart_driver_node.dir/src/messages/msg_pingerFinder.cpp.o] Error 1
gmake[2]: *** Waiting for unfinished jobs....
[01m[K/home/shakuevda/Desktop/SAUVC/sauvc_hyadroacoustic/src/sauvc_pinger_finder/src/uart_driver_node.cpp:2:10:[m[K [01;31m[Kfatal error: [m[Ksauvc_pinger_finder/msg_pingerFinder.h: No such file or directory
    2 | #include [01;31m[K"sauvc_pinger_finder/msg_pingerFinder.h"[m[K
      |          [01;31m[K^~~~~~~~~~~~~~~~~~~~~~~~~~~~~~~~~~~~~~~~[m[K
compilation terminated.
gmake[2]: *** [CMakeFiles/uart_driver_node.dir/build.make:76: CMakeFiles/uart_driver_node.dir/src/uart_driver_node.cpp.o] Error 1
gmake[1]: *** [CMakeFiles/Makefile2:137: CMakeFiles/uart_driver_node.dir/all] Error 2
gmake: *** [Makefile:146: all] Error 2
