[  1%] [34m[1mGenerating type hashes for ROS interfaces[0m
[  1%] Built target ament_cmake_python_copy_stingray_interfaces
running egg_info
creating stingray_interfaces.egg-info
writing stingray_interfaces.egg-info/PKG-INFO
writing dependency_links to stingray_interfaces.egg-info/dependency_links.txt
writing top-level names to stingray_interfaces.egg-info/top_level.txt
writing manifest file 'stingray_interfaces.egg-info/SOURCES.txt'
reading manifest file 'stingray_interfaces.egg-info/SOURCES.txt'
writing manifest file 'stingray_interfaces.egg-info/SOURCES.txt'
[  1%] Built target ament_cmake_python_build_stingray_interfaces_egg
[  1%] Built target stingray_interfaces__rosidl_generator_type_description
[  2%] [34m[1mGenerating C code for ROS interfaces[0m
[  3%] [34m[1mGenerating C++ code for ROS interfaces[0m
Traceback (most recent call last):
  File "/opt/ros/iron/share/rosidl_generator_c/cmake/../../../lib/rosidl_generator_c/rosidl_generator_c", line 42, in <module>
Traceback (most recent call last):
  File "/opt/ros/iron/share/rosidl_generator_cpp/cmake/../../../lib/rosidl_generator_cpp/rosidl_generator_cpp", line 38, in <module>
gmake[2]: *** Deleting file 'rosidl_generator_cpp/stingray_interfaces/srv/set_transition.hpp'
gmake[2]: *** Deleting file 'rosidl_generator_c/stingray_interfaces/srv/set_transition.h'
    sys.exit(main())
  File "/opt/ros/iron/share/rosidl_generator_c/cmake/../../../lib/rosidl_generator_c/rosidl_generator_c", line 38, in main
    sys.exit(main())
  File "/opt/ros/iron/share/rosidl_generator_cpp/cmake/../../../lib/rosidl_generator_cpp/rosidl_generator_cpp", line 34, in main
    generate_c(args.generator_arguments_file, args.disable_description_codegen)
  File "/opt/ros/iron/lib/python3.10/site-packages/rosidl_generator_c/__init__.py", line 41, in generate_c
    generate_cpp(args.generator_arguments_file)
  File "/opt/ros/iron/lib/python3.10/site-packages/rosidl_generator_cpp/__init__.py", line 38, in generate_cpp
    return generate_files(
  File "/opt/ros/iron/lib/python3.10/site-packages/rosidl_pycommon/__init__.py", line 107, in generate_files
    return generate_files(
  File "/opt/ros/iron/lib/python3.10/site-packages/rosidl_pycommon/__init__.py", line 107, in generate_files
    expand_template(
  File "/opt/ros/iron/lib/python3.10/site-packages/rosidl_pycommon/__init__.py", line 169, in expand_template
    expand_template(
  File "/opt/ros/iron/lib/python3.10/site-packages/rosidl_pycommon/__init__.py", line 169, in expand_template
    interpreter.string(template_content, template_path, locals=data)
  File "/usr/lib/python3/dist-packages/em.py", line 2391, in string
    interpreter.string(template_content, template_path, locals=data)
  File "/usr/lib/python3/dist-packages/em.py", line 2391, in string
    self.safe(scanner, True, locals)
  File "/usr/lib/python3/dist-packages/em.py", line 2401, in safe
    self.safe(scanner, True, locals)
  File "/usr/lib/python3/dist-packages/em.py", line 2401, in safe
    self.parse(scanner, locals)
  File "/usr/lib/python3/dist-packages/em.py", line 2417, in parse
    self.parse(scanner, locals)
  File "/usr/lib/python3/dist-packages/em.py", line 2421, in parse
    token = scanner.one()
  File "/usr/lib/python3/dist-packages/em.py", line 1984, in one
    token.scan(self)
  File "/usr/lib/python3/dist-packages/em.py", line 1421, in scan
    i = scanner.complex('{', '}', 0)
  File "/usr/lib/python3/dist-packages/em.py", line 1902, in complex
    token.run(self, locals)
  File "/usr/lib/python3/dist-packages/em.py", line 1547, in run
    if quote:
KeyboardInterrupt
    self.subrun(info[0][1], interpreter, locals)
  File "/usr/lib/python3/dist-packages/em.py", line 1631, in subrun
    token.run(interpreter, locals)
  File "/usr/lib/python3/dist-packages/em.py", line 1425, in run
    interpreter.execute(self.code, locals)
  File "/usr/lib/python3/dist-packages/em.py", line 2596, in execute
    _exec(statements, self.globals, locals)
  File "<string>", line 2, in <module>
  File "/opt/ros/iron/lib/python3.10/site-packages/rosidl_pycommon/__init__.py", line 218, in _expand_template
    interpreter.string(content, str(template_path), kwargs)
  File "/usr/lib/python3/dist-packages/em.py", line 2391, in string
    self.safe(scanner, True, locals)
  File "/usr/lib/python3/dist-packages/em.py", line 2401, in safe
    self.parse(scanner, locals)
  File "/usr/lib/python3/dist-packages/em.py", line 2421, in parse
    token.run(self, locals)
  File "/usr/lib/python3/dist-packages/em.py", line 1526, in run
    if interpreter.evaluate(secondary.rest, locals):
  File "/usr/lib/python3/dist-packages/em.py", line 2564, in evaluate
    def evaluate(self, expression, locals=None):
KeyboardInterrupt
Exception ignored in: <function Interpreter.__del__ at 0x7d4bf615bf40>
Traceback (most recent call last):
  File "/usr/lib/python3/dist-packages/em.py", line 2094, in __del__
  File "/usr/lib/python3/dist-packages/em.py", line 2157, in shutdown
  File "/usr/lib/python3/dist-packages/em.py", line 2647, in finalize
  File "/usr/lib/python3/dist-packages/em.py", line 2200, in push
AttributeError: '_io.TextIOWrapper' object has no attribute 'push'
Exception ignored in: <function Interpreter.__del__ at 0x7bff3dffde10>
Traceback (most recent call last):
  File "/usr/lib/python3/dist-packages/em.py", line 2094, in __del__
  File "/usr/lib/python3/dist-packages/em.py", line 2157, in shutdown
  File "/usr/lib/python3/dist-packages/em.py", line 2647, in finalize
  File "/usr/lib/python3/dist-packages/em.py", line 2200, in push
AttributeError: '_io.TextIOWrapper' object has no attribute 'push'
gmake[2]: *** [CMakeFiles/stingray_interfaces__cpp.dir/build.make:154: rosidl_generator_cpp/stingray_interfaces/srv/set_transition.hpp] Interrupt
gmake[1]: *** [CMakeFiles/Makefile2:293: CMakeFiles/stingray_interfaces__cpp.dir/all] Interrupt
gmake[2]: *** [CMakeFiles/stingray_interfaces__rosidl_generator_c.dir/build.make:136: rosidl_generator_c/stingray_interfaces/srv/set_transition.h] Interrupt
gmake[1]: *** [CMakeFiles/Makefile2:240: CMakeFiles/stingray_interfaces__rosidl_generator_c.dir/all] Interrupt
gmake: *** [Makefile:146: all] Interrupt
